Warning[205] C:\USERS\DODO9\MPLABXPROJECTS\LAB06.X\BASIC.ASM 1 : Found directive in column 1. (LIST)
Warning[207] C:\USERS\DODO9\MPLABXPROJECTS\LAB06.X\BASIC.ASM 7 : Found label after column 1. (L1)
Warning[207] C:\USERS\DODO9\MPLABXPROJECTS\LAB06.X\BASIC.ASM 8 : Found label after column 1. (L2)
Warning[205] C:\USERS\DODO9\MPLABXPROJECTS\LAB06.X\BASIC.ASM 30 : Found directive in column 1. (endm)
Warning[205] C:\USERS\DODO9\MPLABXPROJECTS\LAB06.X\BASIC.ASM 37 : Found directive in column 1. (endm)
Warning[207] C:\USERS\DODO9\MPLABXPROJECTS\LAB06.X\BASIC.ASM 34 : Found label after column 1. (LOOP)
Warning[207] C:\USERS\DODO9\MPLABXPROJECTS\LAB06.X\BASIC.ASM 16 : Found label after column 1. (LOOP2)
Warning[207] C:\USERS\DODO9\MPLABXPROJECTS\LAB06.X\BASIC.ASM 19 : Found label after column 1. (LOOP1)
Warning[207] C:\USERS\DODO9\MPLABXPROJECTS\LAB06.X\BASIC.ASM 34 : Found label after column 1. (LOOP)
Warning[207] C:\USERS\DODO9\MPLABXPROJECTS\LAB06.X\BASIC.ASM 16 : Found label after column 1. (LOOP2)
Warning[207] C:\USERS\DODO9\MPLABXPROJECTS\LAB06.X\BASIC.ASM 19 : Found label after column 1. (LOOP1)
Warning[207] C:\USERS\DODO9\MPLABXPROJECTS\LAB06.X\BASIC.ASM 34 : Found label after column 1. (LOOP)
Warning[207] C:\USERS\DODO9\MPLABXPROJECTS\LAB06.X\BASIC.ASM 16 : Found label after column 1. (LOOP2)
Warning[207] C:\USERS\DODO9\MPLABXPROJECTS\LAB06.X\BASIC.ASM 19 : Found label after column 1. (LOOP1)
Warning[207] C:\USERS\DODO9\MPLABXPROJECTS\LAB06.X\BASIC.ASM 34 : Found label after column 1. (LOOP)
Warning[207] C:\USERS\DODO9\MPLABXPROJECTS\LAB06.X\BASIC.ASM 16 : Found label after column 1. (LOOP2)
Warning[207] C:\USERS\DODO9\MPLABXPROJECTS\LAB06.X\BASIC.ASM 19 : Found label after column 1. (LOOP1)
Warning[207] C:\USERS\DODO9\MPLABXPROJECTS\LAB06.X\BASIC.ASM 34 : Found label after column 1. (LOOP)
Warning[207] C:\USERS\DODO9\MPLABXPROJECTS\LAB06.X\BASIC.ASM 16 : Found label after column 1. (LOOP2)
Warning[207] C:\USERS\DODO9\MPLABXPROJECTS\LAB06.X\BASIC.ASM 19 : Found label after column 1. (LOOP1)
Warning[205] C:\USERS\DODO9\MPLABXPROJECTS\LAB06.X\BASIC.ASM 68 : Found directive in column 1. (end)
