Warning[205] C:\USERS\DODO9\MPLABXPROJECTS\LAB06.X\BONUS.ASM 1 : Found directive in column 1. (LIST)
Warning[207] C:\USERS\DODO9\MPLABXPROJECTS\LAB06.X\BONUS.ASM 7 : Found label after column 1. (L1)
Warning[207] C:\USERS\DODO9\MPLABXPROJECTS\LAB06.X\BONUS.ASM 8 : Found label after column 1. (L2)
Warning[205] C:\USERS\DODO9\MPLABXPROJECTS\LAB06.X\BONUS.ASM 32 : Found directive in column 1. (endm)
Warning[205] C:\USERS\DODO9\MPLABXPROJECTS\LAB06.X\BONUS.ASM 39 : Found directive in column 1. (endm)
Warning[203] C:\USERS\DODO9\MPLABXPROJECTS\LAB06.X\BONUS.ASM 41 : Found opcode in column 1. (GOTO)
Warning[207] C:\USERS\DODO9\MPLABXPROJECTS\LAB06.X\BONUS.ASM 36 : Found label after column 1. (LOOP)
Warning[207] C:\USERS\DODO9\MPLABXPROJECTS\LAB06.X\BONUS.ASM 18 : Found label after column 1. (LOOP2)
Warning[207] C:\USERS\DODO9\MPLABXPROJECTS\LAB06.X\BONUS.ASM 21 : Found label after column 1. (LOOP1)
Warning[207] C:\USERS\DODO9\MPLABXPROJECTS\LAB06.X\BONUS.ASM 18 : Found label after column 1. (LOOP2)
Warning[207] C:\USERS\DODO9\MPLABXPROJECTS\LAB06.X\BONUS.ASM 21 : Found label after column 1. (LOOP1)
Warning[207] C:\USERS\DODO9\MPLABXPROJECTS\LAB06.X\BONUS.ASM 18 : Found label after column 1. (LOOP2)
Warning[207] C:\USERS\DODO9\MPLABXPROJECTS\LAB06.X\BONUS.ASM 21 : Found label after column 1. (LOOP1)
Warning[207] C:\USERS\DODO9\MPLABXPROJECTS\LAB06.X\BONUS.ASM 18 : Found label after column 1. (LOOP2)
Warning[207] C:\USERS\DODO9\MPLABXPROJECTS\LAB06.X\BONUS.ASM 21 : Found label after column 1. (LOOP1)
Warning[207] C:\USERS\DODO9\MPLABXPROJECTS\LAB06.X\BONUS.ASM 36 : Found label after column 1. (LOOP)
Warning[207] C:\USERS\DODO9\MPLABXPROJECTS\LAB06.X\BONUS.ASM 18 : Found label after column 1. (LOOP2)
Warning[207] C:\USERS\DODO9\MPLABXPROJECTS\LAB06.X\BONUS.ASM 21 : Found label after column 1. (LOOP1)
Warning[207] C:\USERS\DODO9\MPLABXPROJECTS\LAB06.X\BONUS.ASM 18 : Found label after column 1. (LOOP2)
Warning[207] C:\USERS\DODO9\MPLABXPROJECTS\LAB06.X\BONUS.ASM 21 : Found label after column 1. (LOOP1)
Warning[207] C:\USERS\DODO9\MPLABXPROJECTS\LAB06.X\BONUS.ASM 18 : Found label after column 1. (LOOP2)
Warning[207] C:\USERS\DODO9\MPLABXPROJECTS\LAB06.X\BONUS.ASM 21 : Found label after column 1. (LOOP1)
Warning[207] C:\USERS\DODO9\MPLABXPROJECTS\LAB06.X\BONUS.ASM 18 : Found label after column 1. (LOOP2)
Warning[207] C:\USERS\DODO9\MPLABXPROJECTS\LAB06.X\BONUS.ASM 21 : Found label after column 1. (LOOP1)
Warning[207] C:\USERS\DODO9\MPLABXPROJECTS\LAB06.X\BONUS.ASM 36 : Found label after column 1. (LOOP)
Warning[207] C:\USERS\DODO9\MPLABXPROJECTS\LAB06.X\BONUS.ASM 18 : Found label after column 1. (LOOP2)
Warning[207] C:\USERS\DODO9\MPLABXPROJECTS\LAB06.X\BONUS.ASM 21 : Found label after column 1. (LOOP1)
Warning[207] C:\USERS\DODO9\MPLABXPROJECTS\LAB06.X\BONUS.ASM 18 : Found label after column 1. (LOOP2)
Warning[207] C:\USERS\DODO9\MPLABXPROJECTS\LAB06.X\BONUS.ASM 21 : Found label after column 1. (LOOP1)
Warning[207] C:\USERS\DODO9\MPLABXPROJECTS\LAB06.X\BONUS.ASM 18 : Found label after column 1. (LOOP2)
Warning[207] C:\USERS\DODO9\MPLABXPROJECTS\LAB06.X\BONUS.ASM 21 : Found label after column 1. (LOOP1)
Warning[207] C:\USERS\DODO9\MPLABXPROJECTS\LAB06.X\BONUS.ASM 18 : Found label after column 1. (LOOP2)
Warning[207] C:\USERS\DODO9\MPLABXPROJECTS\LAB06.X\BONUS.ASM 21 : Found label after column 1. (LOOP1)
Warning[207] C:\USERS\DODO9\MPLABXPROJECTS\LAB06.X\BONUS.ASM 36 : Found label after column 1. (LOOP)
Warning[207] C:\USERS\DODO9\MPLABXPROJECTS\LAB06.X\BONUS.ASM 18 : Found label after column 1. (LOOP2)
Warning[207] C:\USERS\DODO9\MPLABXPROJECTS\LAB06.X\BONUS.ASM 21 : Found label after column 1. (LOOP1)
Warning[207] C:\USERS\DODO9\MPLABXPROJECTS\LAB06.X\BONUS.ASM 18 : Found label after column 1. (LOOP2)
Warning[207] C:\USERS\DODO9\MPLABXPROJECTS\LAB06.X\BONUS.ASM 21 : Found label after column 1. (LOOP1)
Warning[207] C:\USERS\DODO9\MPLABXPROJECTS\LAB06.X\BONUS.ASM 18 : Found label after column 1. (LOOP2)
Warning[207] C:\USERS\DODO9\MPLABXPROJECTS\LAB06.X\BONUS.ASM 21 : Found label after column 1. (LOOP1)
Warning[207] C:\USERS\DODO9\MPLABXPROJECTS\LAB06.X\BONUS.ASM 18 : Found label after column 1. (LOOP2)
Warning[207] C:\USERS\DODO9\MPLABXPROJECTS\LAB06.X\BONUS.ASM 21 : Found label after column 1. (LOOP1)
Warning[205] C:\USERS\DODO9\MPLABXPROJECTS\LAB06.X\BONUS.ASM 130 : Found directive in column 1. (end)
